c:\users\fida\documents\opengl\experimentersource\chapter4\box\debug\vc143.pdb
c:\users\fida\documents\opengl\experimentersource\chapter4\box\debug\vc143.idb
c:\users\fida\documents\opengl\experimentersource\chapter4\box\debug\box.obj
c:\users\fida\documents\opengl\experimentersource\a - file otak atik\debug\vc143.pdb
c:\users\fida\documents\opengl\experimentersource\a - file otak atik\debug\vc143.idb
c:\users\fida\documents\opengl\experimentersource\a - file otak atik\debug\box.obj
c:\users\fida\documents\opengl\experimentersource\a - git\utsgrafikakomputer\debug\vc143.pdb
c:\users\fida\documents\opengl\experimentersource\a - git\utsgrafikakomputer\debug\vc143.idb
c:\users\fida\documents\opengl\experimentersource\a - git\utsgrafikakomputer\debug\box.obj
c:\users\fida\documents\opengl\experimentersource\chapter4\box\debug\box.exe
c:\users\fida\documents\opengl\experimentersource\chapter4\box\debug\box.ilk
c:\users\fida\documents\opengl\experimentersource\chapter4\box\debug\box.pdb
c:\users\fida\documents\opengl\experimentersource\a - file otak atik\debug\box.exe
c:\users\fida\documents\opengl\experimentersource\a - file otak atik\debug\box.ilk
c:\users\fida\documents\opengl\experimentersource\a - file otak atik\debug\box.pdb
c:\users\fida\documents\opengl\experimentersource\a - git\utsgrafikakomputer\debug\box.ilk
c:\users\fida\documents\opengl\experimentersource\a - git\utsgrafikakomputer\debug\box.exe
c:\users\fida\documents\opengl\experimentersource\a - git\utsgrafikakomputer\debug\box.pdb
c:\users\fida\documents\opengl\experimentersource\a - git\utsgrafikakomputer\debug\box.tlog\cl.command.1.tlog
c:\users\fida\documents\opengl\experimentersource\a - git\utsgrafikakomputer\debug\box.tlog\cl.read.1.tlog
c:\users\fida\documents\opengl\experimentersource\a - git\utsgrafikakomputer\debug\box.tlog\cl.write.1.tlog
c:\users\fida\documents\opengl\experimentersource\a - git\utsgrafikakomputer\debug\box.tlog\link.command.1.tlog
c:\users\fida\documents\opengl\experimentersource\a - git\utsgrafikakomputer\debug\box.tlog\link.read.1.tlog
c:\users\fida\documents\opengl\experimentersource\a - git\utsgrafikakomputer\debug\box.tlog\link.write.1.tlog
